CDBHB
LCOQQ
JMZQA
DAIFH
YBDRA
LMKDJ
OBBIP
AJJMA
FDJTP
UBODB
FBPQY
KNADB
AUHHQ
BECGG
IBTNS
VBWLO
WVDVQ
TQQEG
EFQDF
DJXMN
RZDFU
AKDRA
NPMNP
SPOAN
AYDSG
JTPWQ
NQTSV
SXMDZ
NNVGA
BAYHG
EHJNB
BPUAW
PMEUB
ODPZE
HNOJQ
UMICN
KLEOY
DDRJH
QIQSF
EQSYC
KOVJR
AFHKA
JEINS
FALQA
LRTLK
QBTDQ
PAPLH
JIZGZ
DNALN
NO
NO
CMDYP
MJERY
ACDGG
ACHCP
DEYUD
PMANA
CALLV
CZWDK
VJNWJ
JBDFZ
DACTX
XRWFS
BBHGI
AGQFO
AHIDM
SXIQI
TYAIM
HRJRC
YITXZ
HCMHF
NO
OPHHQ
OGXFI
FAKDU
JLZUP
MJYST
RXSTW
AAERJ
XABXL
WJWCQ
NO
OGCBB
PMCUC
HBFEQ
RRNFG
CXXIM
ZFMTW
KKPIA
MNGFL
OLNTW
QABBZ
CKLGK
CAUKU
DFPNO
CDDUD
EHOPI
CMHIZ
BANCO
XQUOW
