 -1  -1  -1  -1  -1  -1  -1  -1  -1  -1  -1  -1  -1  -1  -1  -1  -1  -1  -1  -1  -1  -1  -1  -1  -1  -1  -1  -1  -1  -1  -1  -1  -1  -1  -1  -1  -1  -1  -1  -1  -1  -1  -1 
 -1  20  18  -1  -1  -1  -1  -1  -1  -1  -1  -1  -1  -1  -1  20  20  20  18  18  18  18  18  16  16  16  16  16  14  16  -1  -1  -1  -1  21  21  19  21  21  -1  -1  -1  -1 
 -1  20  18  20  -1  -1  -1  -1  -1  -1  -1  -1  -1  -1 321  20  20  20  18  18  18  18  18  16  16  -1  -1  16  14  16  -1  -1  -1  -1  20  20  18  -1  -1  -1  -1  -1  -1 
 -1  20  18  -1  -1  -1  -1  16  16  16  -1  -1  -1  12  -1  -1  -1  -1  18  18  18  18  18  16  16  -1  -1  16  14  -1  -1  -1  17  17  19  19  18  -1  -1  -1  -1  -1  -1 
 -1  -1  17  -1  -1  -1  -1  16  16  16  14  -1  -1  11  -1  -1  -1  -1  17  17  -1  -1  17  15  15  15  15  15  13  -1  -1  17  17  17  19  19  18  -1  -1  -1  -1  -1  -1 
 -1  -1  17  -1  -1  -1  15  16  16  16  14  -1  -1  11  -1  -1  19  18  17  17  -1  -1  -1  15  15  -1  -1  15  13  13  13  15  15  15  -1  -1  17  19  19  19  -1  -1  -1 
 -1  19  17  18  -1  -1  15  14  14  14  13  13  13  11  -1  -1  17  16  16  16  14  -1  -1  15  15  -1  -1  15  13  13  13  15  -1  -1  -1  -1  17  19  19  19  -1  -1  -1 
 -1  18  16  16  16  16  14  -1  -1  -1  12  12  12  10  10  -1  -1  -1  15  15  13  14  13  13  13  11  13  13  12  12  12  -1  -1  -1  19  17  17  19  19  19  -1  -1  -1 
 -1  -1  16  16  16  16  14  -1  -1  -1  12  12  12  10  10  -1  -1  -1  15  15  13  -1  -1  13  13  11  13  13  12  12  12  -1  -1  -1  -1  16  16  18  18  18  -1  -1  -1 
 -1  -1  16  16  16  16  14  14  -1  -1  14  -1  -1  10  10  12  12  -1  -1  -1  13  -1  -1  -1  -1  11  13  13  12  12  12  13  -1  -1  -1  16  16  18  18  18  19  19  -1 
 -1  15  15  -1  -1  -1  12  12  12  10  12  -1  -1   9   9  11  11  -1  -1  -1  11  11   9  -1  -1  10  -1  -1  11  11  11  12  -1  -1  13  15  15  -1  -1  20  21  -1  -1 
 -1  15  15  -1  -1  -1  -1  -1  12  10  12  -1  -1   9   9  -1  -1   7   5   6  -1  -1   9   9   9  10  -1  -1  11  11  11  12  12  12  13  14  14  -1  -1  -1  -1  -1  -1 
 -1  15  15  14  14  14  -1  -1  12  10  -1  -1   9   9   9  -1  -1  -1   5   6  -1  -1   9   9   9  10  -1  -1  11  11  11  12  12  12  13  -1  -1  -1  -1  -1  -1  -1  -1 
 -1  13  13  12  12  12  11  11  11   9  -1  -1   8   8   8   7  -1  -1   4   5   6   6   7   7   7   8   8   8   9   9   9  10  10  10  11  -1  -1  -1  -1  -1  -1  -1  -1 
 -1  -1  13  12  12  12  11  11  11   9  -1  -1   7   7   7   6   6   6   4   5   6   6   7   7  -1  -1  10  10  11  11  -1  -1  12  12  -1  -1  -1  -1  -1  -1  -1  -1  -1 
 -1  -1  -1  -1  14  14  -1  -1  11   9  -1  -1   7   7   7   6   6   6   4   5   6   6   7   7  -1  -1  10  10  -1  -1  -1  -1  -1  12  -1  -1  -1  -1  -1  -1  -1  -1  -1 
 -1  -1  -1  -1  14  14  -1  -1  -1   7   7   7   6   6   6   5   5   5   3   4   5  -1  -1  -1  -1  -1  10  10  -1  -1  -1  -1  -1  -1  -1  -1  -1  -1  -1  -1  -1  -1  -1 
 -1  -1  -1  -1  -1  14  13  -1  -1   9   9   9   8   8  -1  -1   5   5   3   4   5  -1  -1  -1  -1  13  11  11  13  -1  -1  -1  -1  -1  -1  -1  -1  -1  -1  -1  -1  -1  -1 
 -1  -1  -1  -1  -1  12  11  11  11   9   9   9  -1  -1  -1  -1   5   5   3   4  -1  -1   6   6   8  -1  -1  11  13  -1  -1  -1  -1  -1  -1  -1  -1  -1  -1  -1  -1  -1  -1 
 -1  -1  -1  -1  -1  -1  11  11  11   9  -1  -1  -1  -1  -1  -1  -1  -1 123   2  -1  -1   6   6  -1  -1  -1  11  -1  -1  -1  -1  -1  -1  -1  -1  -1  -1  -1  -1  -1  -1  -1 
 -1  -1  -1  -1  -1  -1  -1  -1  12  10  -1  -1   6   6   6  -1  -1  -1   1   3   3   3   4   4  -1  -1  14  12  -1  -1  -1  -1  -1  -1  -1  -1  -1  -1  -1  -1  -1  -1  -1 
 -1  -1  -1  -1  -1  -1  -1  -1  -1  -1  -1  -1   4   4   4   3   3   3   1   3  -1  -1   6   6  -1  -1  16  -1  -1  -1  -1  -1  -1  -1  -1  -1  -1  -1  -1  -1  -1  -1  -1 
 -1  -1  -1  -1  -1  -1  -1  -1  -1  -1  -1  -1  -1  -1  -1  -1  -1  -1  -1  -1  -1  -1  -1  -1  -1  -1  -1  -1  -1  -1  -1  -1  -1  -1  -1  -1  -1  -1  -1  -1  -1  -1  -1 
21
